# JRE version: OpenJDK Runtime Environment (8.0_152-b01) (build 1.8.0_152-release-915-b01)
# Java VM: OpenJDK 64-Bit Server VM (25.152-b01 mixed mode linux-amd64 compressed oops)
Heap:
 PSYoungGen      total 440320K, used 0K [0x00000000e0000000, 0x0000000100000000, 0x0000000100000000)
  eden space 361472K, 0% used [0x00000000e0000000,0x00000000e0000000,0x00000000f6100000)
  from space 78848K, 0% used [0x00000000fa880000,0x00000000fa880000,0x00000000ff580000)
  to   space 73216K, 0% used [0x00000000f6100000,0x00000000f6100000,0x00000000fa880000)
 ParOldGen       total 551936K, used 512301K [0x00000000a0000000, 0x00000000c1b00000, 0x00000000e0000000)
  object space 551936K, 92% used [0x00000000a0000000,0x00000000bf44b470,0x00000000c1b00000)
 Metaspace       used 122449K, capacity 132764K, committed 133848K, reserved 1165312K
  class space    used 15267K, capacity 17718K, committed 18688K, reserved 1048576K
GC Heap History (10 events):
Event: 12075.573 GC heap after
Heap after GC invocations=127 (full 15):
 PSYoungGen      total 425984K, used 14321K [0x00000000e0000000, 0x00000000ff400000, 0x0000000100000000)
  eden space 355328K, 0% used [0x00000000e0000000,0x00000000e0000000,0x00000000f5b00000)
  from space 70656K, 20% used [0x00000000faf00000,0x00000000fbcfc4c0,0x00000000ff400000)
  to   space 78336K, 0% used [0x00000000f5b00000,0x00000000f5b00000,0x00000000fa780000)
 ParOldGen       total 551936K, used 460998K [0x00000000a0000000, 0x00000000c1b00000, 0x00000000e0000000)
  object space 551936K, 83% used [0x00000000a0000000,0x00000000bc231b60,0x00000000c1b00000)
 Metaspace       used 118281K, capacity 128286K, committed 133848K, reserved 1165312K
  class space    used 14723K, capacity 17095K, committed 18688K, reserved 1048576K
}
Event: 12078.307 GC heap before
{Heap before GC invocations=128 (full 15):
 PSYoungGen      total 425984K, used 369468K [0x00000000e0000000, 0x00000000ff400000, 0x0000000100000000)
  eden space 355328K, 99% used [0x00000000e0000000,0x00000000f5ad2d40,0x00000000f5b00000)
  from space 70656K, 20% used [0x00000000faf00000,0x00000000fbcfc4c0,0x00000000ff400000)
  to   space 78336K, 0% used [0x00000000f5b00000,0x00000000f5b00000,0x00000000fa780000)
 ParOldGen       total 551936K, used 460998K [0x00000000a0000000, 0x00000000c1b00000, 0x00000000e0000000)
  object space 551936K, 83% used [0x00000000a0000000,0x00000000bc231b60,0x00000000c1b00000)
 Metaspace       used 118305K, capacity 128286K, committed 133848K, reserved 1165312K
  class space    used 14723K, capacity 17095K, committed 18688K, reserved 1048576K
Event: 12078.313 GC heap after
Heap after GC invocations=128 (full 15):
 PSYoungGen      total 433664K, used 4704K [0x00000000e0000000, 0x0000000100000000, 0x0000000100000000)
  eden space 355328K, 0% used [0x00000000e0000000,0x00000000e0000000,0x00000000f5b00000)
  from space 78336K, 6% used [0x00000000f5b00000,0x00000000f5f983b0,0x00000000fa780000)
  to   space 75776K, 0% used [0x00000000fb600000,0x00000000fb600000,0x0000000100000000)
 ParOldGen       total 551936K, used 461630K [0x00000000a0000000, 0x00000000c1b00000, 0x00000000e0000000)
  object space 551936K, 83% used [0x00000000a0000000,0x00000000bc2cfb70,0x00000000c1b00000)
 Metaspace       used 118305K, capacity 128286K, committed 133848K, reserved 1165312K
  class space    used 14723K, capacity 17095K, committed 18688K, reserved 1048576K
}
Event: 12167.167 GC heap before
{Heap before GC invocations=129 (full 15):
 PSYoungGen      total 433664K, used 360032K [0x00000000e0000000, 0x0000000100000000, 0x0000000100000000)
  eden space 355328K, 100% used [0x00000000e0000000,0x00000000f5b00000,0x00000000f5b00000)
  from space 78336K, 6% used [0x00000000f5b00000,0x00000000f5f983b0,0x00000000fa780000)
  to   space 75776K, 0% used [0x00000000fb600000,0x00000000fb600000,0x0000000100000000)
 ParOldGen       total 551936K, used 461630K [0x00000000a0000000, 0x00000000c1b00000, 0x00000000e0000000)
  object space 551936K, 83% used [0x00000000a0000000,0x00000000bc2cfb70,0x00000000c1b00000)
 Metaspace       used 118412K, capacity 128452K, committed 133848K, reserved 1165312K
  class space    used 14738K, capacity 17142K, committed 18688K, reserved 1048576K
Event: 12167.216 GC heap after
Heap after GC invocations=129 (full 15):
 PSYoungGen      total 433152K, used 17440K [0x00000000e0000000, 0x00000000ff380000, 0x0000000100000000)
  eden space 370176K, 0% used [0x00000000e0000000,0x00000000e0000000,0x00000000f6980000)
  from space 62976K, 27% used [0x00000000fb600000,0x00000000fc708288,0x00000000ff380000)
  to   space 70656K, 0% used [0x00000000f6980000,0x00000000f6980000,0x00000000fae80000)
 ParOldGen       total 551936K, used 461782K [0x00000000a0000000, 0x00000000c1b00000, 0x00000000e0000000)
  object space 551936K, 83% used [0x00000000a0000000,0x00000000bc2f5bc0,0x00000000c1b00000)
 Metaspace       used 118412K, capacity 128452K, committed 133848K, reserved 1165312K
  class space    used 14738K, capacity 17142K, committed 18688K, reserved 1048576K
}
Event: 12231.935 GC heap before
{Heap before GC invocations=130 (full 15):
 PSYoungGen      total 433152K, used 387616K [0x00000000e0000000, 0x00000000ff380000, 0x0000000100000000)
  eden space 370176K, 100% used [0x00000000e0000000,0x00000000f6980000,0x00000000f6980000)
  from space 62976K, 27% used [0x00000000fb600000,0x00000000fc708288,0x00000000ff380000)
  to   space 70656K, 0% used [0x00000000f6980000,0x00000000f6980000,0x00000000fae80000)
 ParOldGen       total 551936K, used 461782K [0x00000000a0000000, 0x00000000c1b00000, 0x00000000e0000000)
  object space 551936K, 83% used [0x00000000a0000000,0x00000000bc2f5bc0,0x00000000c1b00000)
 Metaspace       used 119386K, capacity 129660K, committed 133848K, reserved 1165312K
  class space    used 14848K, capacity 17298K, committed 18688K, reserved 1048576K
Event: 12231.964 GC heap after
Heap after GC invocations=130 (full 15):
 PSYoungGen      total 411136K, used 55178K [0x00000000e0000000, 0x00000000ff580000, 0x0000000100000000)
  eden space 355840K, 0% used [0x00000000e0000000,0x00000000e0000000,0x00000000f5b80000)
  from space 55296K, 99% used [0x00000000f6980000,0x00000000f9f62828,0x00000000f9f80000)
  to   space 78848K, 0% used [0x00000000fa880000,0x00000000fa880000,0x00000000ff580000)
 ParOldGen       total 551936K, used 464026K [0x00000000a0000000, 0x00000000c1b00000, 0x00000000e0000000)
  object space 551936K, 84% used [0x00000000a0000000,0x00000000bc526ab8,0x00000000c1b00000)
 Metaspace       used 119386K, capacity 129660K, committed 133848K, reserved 1165312K
  class space    used 14848K, capacity 17298K, committed 18688K, reserved 1048576K
}
Event: 12232.968 GC heap before
{Heap before GC invocations=131 (full 15):
 PSYoungGen      total 411136K, used 410899K [0x00000000e0000000, 0x00000000ff580000, 0x0000000100000000)
  eden space 355840K, 99% used [0x00000000e0000000,0x00000000f5b62488,0x00000000f5b80000)
  from space 55296K, 99% used [0x00000000f6980000,0x00000000f9f62828,0x00000000f9f80000)
  to   space 78848K, 0% used [0x00000000fa880000,0x00000000fa880000,0x00000000ff580000)
 ParOldGen       total 551936K, used 464026K [0x00000000a0000000, 0x00000000c1b00000, 0x00000000e0000000)
  object space 551936K, 84% used [0x00000000a0000000,0x00000000bc526ab8,0x00000000c1b00000)
 Metaspace       used 122472K, capacity 132792K, committed 133848K, reserved 1165312K
  class space    used 15270K, capacity 17722K, committed 18688K, reserved 1048576K
Event: 12233.007 GC heap after
Heap after GC invocations=131 (full 15):
 PSYoungGen      total 440320K, used 23419K [0x00000000e0000000, 0x0000000100000000, 0x0000000100000000)
  eden space 361472K, 0% used [0x00000000e0000000,0x00000000e0000000,0x00000000f6100000)
  from space 78848K, 29% used [0x00000000fa880000,0x00000000fbf5ef80,0x00000000ff580000)
  to   space 73216K, 0% used [0x00000000f6100000,0x00000000f6100000,0x00000000fa880000)
 ParOldGen       total 551936K, used 513001K [0x00000000a0000000, 0x00000000c1b00000, 0x00000000e0000000)
  object space 551936K, 92% used [0x00000000a0000000,0x00000000bf4fa4d8,0x00000000c1b00000)
 Metaspace       used 122472K, capacity 132792K, committed 133848K, reserved 1165312K
  class space    used 15270K, capacity 17722K, committed 18688K, reserved 1048576K
}
Event: 12233.007 GC heap before
{Heap before GC invocations=132 (full 16):
 PSYoungGen      total 440320K, used 23419K [0x00000000e0000000, 0x0000000100000000, 0x0000000100000000)
  eden space 361472K, 0% used [0x00000000e0000000,0x00000000e0000000,0x00000000f6100000)
  from space 78848K, 29% used [0x00000000fa880000,0x00000000fbf5ef80,0x00000000ff580000)
  to   space 73216K, 0% used [0x00000000f6100000,0x00000000f6100000,0x00000000fa880000)
 ParOldGen       total 551936K, used 513001K [0x00000000a0000000, 0x00000000c1b00000, 0x00000000e0000000)
  object space 551936K, 92% used [0x00000000a0000000,0x00000000bf4fa4d8,0x00000000c1b00000)
 Metaspace       used 122472K, capacity 132792K, committed 133848K, reserved 1165312K
  class space    used 15270K, capacity 17722K, committed 18688K, reserved 1048576K

